/*C12*/SET SCHEMA PUBLIC
alter table user_role drop constraint FKa68196081fvovjhkek5m97n3y
alter table user_role drop constraint FK859n2jvi8ivhui0rl0esws6o
drop table comentarios if exists
drop table role if exists
drop table user_role if exists
create table role (id bigint generated by default as identity (start with 1), name varchar(255), primary key (id))
create table user_role (user_id bigint not null, role_id bigint not null, primary key (user_id, role_id))
alter table user_role add constraint FKa68196081fvovjhkek5m97n3y foreign key (role_id) references role
alter table user_role add constraint FK859n2jvi8ivhui0rl0esws6o foreign key (user_id) references user
INSERT INTO ROLE VALUES(1,'ADMIN')
COMMIT
INSERT INTO ROLE VALUES(2,'USER')
COMMIT
INSERT INTO USER VALUES(7,'user2','$2a$10$g8JsO5V9sGfnrUFlWiagi.RFGvhWxIwlHBg3rfJ8kBeYpHL18t33a','user2')
INSERT INTO USER_ROLE VALUES(7,1)
COMMIT
INSERT INTO USER VALUES(8,'user2','$2a$10$HWqA8dZC7m3gc6NQxV1JNO0rypUnMoHw87LE6mN9ibUvM2QmW0x6C','user2')
INSERT INTO USER_ROLE VALUES(8,1)
COMMIT
